0 info it worked if it ends with ok
1 verbose cli [ '/usr/bin/node',
1 verbose cli   '/usr/bin/npm',
1 verbose cli   'install',
1 verbose cli   'autoprefixer',
1 verbose cli   'postcss',
1 verbose cli   'postcss-cli',
1 verbose cli   '-g' ]
2 info using npm@3.5.2
3 info using node@v8.10.0
4 silly loadCurrentTree Starting
5 silly install loadCurrentTree
6 silly install readGlobalPackageData
7 silly fetchPackageMetaData autoprefixer
8 silly fetchPackageMetaData postcss
9 silly fetchPackageMetaData postcss-cli
10 silly fetchNamedPackageData autoprefixer
11 silly mapToRegistry name autoprefixer
12 silly mapToRegistry using default registry
13 silly mapToRegistry registry https://registry.npmjs.org/
14 silly mapToRegistry uri https://registry.npmjs.org/autoprefixer
15 silly fetchNamedPackageData postcss
16 silly mapToRegistry name postcss
17 silly mapToRegistry using default registry
18 silly mapToRegistry registry https://registry.npmjs.org/
19 silly mapToRegistry uri https://registry.npmjs.org/postcss
20 silly fetchNamedPackageData postcss-cli
21 silly mapToRegistry name postcss-cli
22 silly mapToRegistry using default registry
23 silly mapToRegistry registry https://registry.npmjs.org/
24 silly mapToRegistry uri https://registry.npmjs.org/postcss-cli
25 verbose request uri https://registry.npmjs.org/postcss-cli
26 verbose request no auth needed
27 info attempt registry request try #1 at 23:55:46
28 verbose request id c6e6d7159cf3ad5a
29 verbose etag W/"3ebaad230a07afb6e2eb725ac5fd2e3b"
30 verbose lastModified Thu, 30 Jun 2022 01:48:12 GMT
31 http request GET https://registry.npmjs.org/postcss-cli
32 verbose request uri https://registry.npmjs.org/postcss
33 verbose request no auth needed
34 info attempt registry request try #1 at 23:55:46
35 verbose etag W/"90db4a21670600d6aae0f6216eff253d"
36 verbose lastModified Sat, 06 Aug 2022 18:59:56 GMT
37 http request GET https://registry.npmjs.org/postcss
38 verbose request uri https://registry.npmjs.org/autoprefixer
39 verbose request no auth needed
40 info attempt registry request try #1 at 23:55:46
41 verbose etag W/"bbed16ae8ccddffe8a697ac779c4967b"
42 verbose lastModified Fri, 29 Jul 2022 10:57:32 GMT
43 http request GET https://registry.npmjs.org/autoprefixer
44 http 304 https://registry.npmjs.org/postcss
45 verbose headers { date: 'Mon, 22 Aug 2022 21:55:46 GMT',
45 verbose headers   connection: 'keep-alive',
45 verbose headers   'cf-ray': '73eedac89e46d2b9-CDG',
45 verbose headers   age: '67',
45 verbose headers   'cache-control': 'public, max-age=300',
45 verbose headers   etag: '"90db4a21670600d6aae0f6216eff253d"',
45 verbose headers   'last-modified': 'Sat, 06 Aug 2022 18:59:56 GMT',
45 verbose headers   vary: 'Accept-Encoding',
45 verbose headers   'cf-cache-status': 'HIT',
45 verbose headers   'expect-ct': 'max-age=604800, report-uri="https://report-uri.cloudflare.com/cdn-cgi/beacon/expect-ct"',
45 verbose headers   'x-amz-replication-status': 'COMPLETED',
45 verbose headers   server: 'cloudflare' }
46 silly get cb [ 304,
46 silly get   { date: 'Mon, 22 Aug 2022 21:55:46 GMT',
46 silly get     connection: 'keep-alive',
46 silly get     'cf-ray': '73eedac89e46d2b9-CDG',
46 silly get     age: '67',
46 silly get     'cache-control': 'public, max-age=300',
46 silly get     etag: '"90db4a21670600d6aae0f6216eff253d"',
46 silly get     'last-modified': 'Sat, 06 Aug 2022 18:59:56 GMT',
46 silly get     vary: 'Accept-Encoding',
46 silly get     'cf-cache-status': 'HIT',
46 silly get     'expect-ct': 'max-age=604800, report-uri="https://report-uri.cloudflare.com/cdn-cgi/beacon/expect-ct"',
46 silly get     'x-amz-replication-status': 'COMPLETED',
46 silly get     server: 'cloudflare' } ]
47 verbose etag https://registry.npmjs.org/postcss from cache
48 verbose get saving postcss to /home/agriffon/.npm/registry.npmjs.org/postcss/.cache.json
49 http 304 https://registry.npmjs.org/autoprefixer
50 verbose headers { date: 'Mon, 22 Aug 2022 21:55:46 GMT',
50 verbose headers   connection: 'keep-alive',
50 verbose headers   'cf-ray': '73eedac8982099db-CDG',
50 verbose headers   age: '260',
50 verbose headers   'cache-control': 'public, max-age=300',
50 verbose headers   etag: '"bbed16ae8ccddffe8a697ac779c4967b"',
50 verbose headers   'last-modified': 'Fri, 29 Jul 2022 10:57:32 GMT',
50 verbose headers   vary: 'Accept-Encoding',
50 verbose headers   'cf-cache-status': 'HIT',
50 verbose headers   'expect-ct': 'max-age=604800, report-uri="https://report-uri.cloudflare.com/cdn-cgi/beacon/expect-ct"',
50 verbose headers   'x-amz-replication-status': 'COMPLETED',
50 verbose headers   server: 'cloudflare' }
51 silly get cb [ 304,
51 silly get   { date: 'Mon, 22 Aug 2022 21:55:46 GMT',
51 silly get     connection: 'keep-alive',
51 silly get     'cf-ray': '73eedac8982099db-CDG',
51 silly get     age: '260',
51 silly get     'cache-control': 'public, max-age=300',
51 silly get     etag: '"bbed16ae8ccddffe8a697ac779c4967b"',
51 silly get     'last-modified': 'Fri, 29 Jul 2022 10:57:32 GMT',
51 silly get     vary: 'Accept-Encoding',
51 silly get     'cf-cache-status': 'HIT',
51 silly get     'expect-ct': 'max-age=604800, report-uri="https://report-uri.cloudflare.com/cdn-cgi/beacon/expect-ct"',
51 silly get     'x-amz-replication-status': 'COMPLETED',
51 silly get     server: 'cloudflare' } ]
52 verbose etag https://registry.npmjs.org/autoprefixer from cache
53 verbose get saving autoprefixer to /home/agriffon/.npm/registry.npmjs.org/autoprefixer/.cache.json
54 http 304 https://registry.npmjs.org/postcss-cli
55 verbose headers { date: 'Mon, 22 Aug 2022 21:55:46 GMT',
55 verbose headers   connection: 'keep-alive',
55 verbose headers   'cf-ray': '73eedac88a25d584-CDG',
55 verbose headers   'cache-control': 'public, max-age=300',
55 verbose headers   etag: '"3ebaad230a07afb6e2eb725ac5fd2e3b"',
55 verbose headers   'last-modified': 'Thu, 30 Jun 2022 01:48:12 GMT',
55 verbose headers   vary: 'Accept-Encoding',
55 verbose headers   'cf-cache-status': 'REVALIDATED',
55 verbose headers   'expect-ct': 'max-age=604800, report-uri="https://report-uri.cloudflare.com/cdn-cgi/beacon/expect-ct"',
55 verbose headers   'x-amz-replication-status': 'COMPLETED',
55 verbose headers   server: 'cloudflare' }
56 silly get cb [ 304,
56 silly get   { date: 'Mon, 22 Aug 2022 21:55:46 GMT',
56 silly get     connection: 'keep-alive',
56 silly get     'cf-ray': '73eedac88a25d584-CDG',
56 silly get     'cache-control': 'public, max-age=300',
56 silly get     etag: '"3ebaad230a07afb6e2eb725ac5fd2e3b"',
56 silly get     'last-modified': 'Thu, 30 Jun 2022 01:48:12 GMT',
56 silly get     vary: 'Accept-Encoding',
56 silly get     'cf-cache-status': 'REVALIDATED',
56 silly get     'expect-ct': 'max-age=604800, report-uri="https://report-uri.cloudflare.com/cdn-cgi/beacon/expect-ct"',
56 silly get     'x-amz-replication-status': 'COMPLETED',
56 silly get     server: 'cloudflare' } ]
57 verbose etag https://registry.npmjs.org/postcss-cli from cache
58 verbose get saving postcss-cli to /home/agriffon/.npm/registry.npmjs.org/postcss-cli/.cache.json
59 silly install normalizeTree
60 silly loadCurrentTree Finishing
61 silly loadIdealTree Starting
62 silly install loadIdealTree
63 silly cloneCurrentTree Starting
64 silly install cloneCurrentTreeToIdealTree
65 silly cloneCurrentTree Finishing
66 silly loadShrinkwrap Starting
67 silly install loadShrinkwrap
68 silly loadShrinkwrap Finishing
69 silly loadAllDepsIntoIdealTree Starting
70 silly install loadAllDepsIntoIdealTree
71 silly resolveWithNewModule postcss@8.4.16 checking installable status
72 silly cache add args [ 'postcss', null ]
73 verbose cache add spec postcss
74 silly resolveWithNewModule autoprefixer@10.4.8 checking installable status
75 silly cache add args [ 'autoprefixer', null ]
76 verbose cache add spec autoprefixer
77 verbose stack Error: Missing required argument #1
77 verbose stack     at andLogAndFinish (/usr/share/npm/lib/fetch-package-metadata.js:31:3)
77 verbose stack     at fetchPackageMetadata (/usr/share/npm/lib/fetch-package-metadata.js:51:22)
77 verbose stack     at resolveWithNewModule (/usr/share/npm/lib/install/deps.js:456:12)
77 verbose stack     at /usr/share/npm/lib/install/deps.js:190:5
77 verbose stack     at /usr/share/npm/node_modules/slide/lib/async-map.js:52:35
77 verbose stack     at Array.forEach (<anonymous>)
77 verbose stack     at /usr/share/npm/node_modules/slide/lib/async-map.js:52:11
77 verbose stack     at Array.forEach (<anonymous>)
77 verbose stack     at asyncMap (/usr/share/npm/node_modules/slide/lib/async-map.js:51:8)
77 verbose stack     at exports.loadRequestedDeps (/usr/share/npm/lib/install/deps.js:188:3)
78 verbose cwd /home/agriffon/Openclassrooms/DéveloppeurWeb/Projet3/Dynamisez-une-page-web-avec-des-animations-CSS-Griffon-Anton
79 error Linux 4.15.0-192-generic
80 error argv "/usr/bin/node" "/usr/bin/npm" "install" "autoprefixer" "postcss" "postcss-cli" "-g"
81 error node v8.10.0
82 error npm  v3.5.2
83 error code EMISSINGARG
84 error typeerror Error: Missing required argument #1
84 error typeerror     at andLogAndFinish (/usr/share/npm/lib/fetch-package-metadata.js:31:3)
84 error typeerror     at fetchPackageMetadata (/usr/share/npm/lib/fetch-package-metadata.js:51:22)
84 error typeerror     at resolveWithNewModule (/usr/share/npm/lib/install/deps.js:456:12)
84 error typeerror     at /usr/share/npm/lib/install/deps.js:190:5
84 error typeerror     at /usr/share/npm/node_modules/slide/lib/async-map.js:52:35
84 error typeerror     at Array.forEach (<anonymous>)
84 error typeerror     at /usr/share/npm/node_modules/slide/lib/async-map.js:52:11
84 error typeerror     at Array.forEach (<anonymous>)
84 error typeerror     at asyncMap (/usr/share/npm/node_modules/slide/lib/async-map.js:51:8)
84 error typeerror     at exports.loadRequestedDeps (/usr/share/npm/lib/install/deps.js:188:3)
85 error typeerror This is an error with npm itself. Please report this error at:
85 error typeerror     <http://github.com/npm/npm/issues>
86 verbose exit [ 1, true ]
